<?xml version="1.0" encoding="UTF-8"?>
<!-- Generated by org.testng.reporters.JUnitReportReporter -->
<testsuite hostname="NTB-257" failures="0" tests="2" name="Academy.Options.TestRunner" time="8.205" errors="0" timestamp="2023-02-01T12:35:28 CET" skipped="0">
  <testcase classname="Academy.Options.TestRunner" name="runScenario" time="1.377"/>
  <system-out/>
  <testcase classname="Academy.Options.TestRunner" name="runScenario" time="6.828"/>
  <system-out/>
</testsuite> <!-- Academy.Options.TestRunner -->
