<?xml version="1.0" encoding="UTF-8"?>
<!-- Generated by org.testng.reporters.JUnitReportReporter -->
<testsuite hostname="NTB-257" failures="0" tests="2" name="Academy.Options.TestRunner" time="9.424" errors="0" timestamp="2023-02-01T10:50:34 CET" skipped="0">
  <testcase classname="Academy.Options.TestRunner" name="runScenario" time="7.696"/>
  <system-out/>
  <testcase classname="Academy.Options.TestRunner" name="runScenario" time="1.728"/>
  <system-out/>
</testsuite> <!-- Academy.Options.TestRunner -->
